<?xml version="1.0" encoding="UTF-8"?>
<testsuites>
  <testsuite name="Tests\Unit\RouterTest" file="/var/www/html/tests/Unit/RouterTest.php" tests="10" assertions="28" errors="0" failures="0" skipped="0" time="0.139996">
    <testcase name="testCanMatchRouteWithMultipleParameters" file="/var/www/html/tests/Unit/RouterTest.php" line="122" class="Tests\Unit\RouterTest" classname="Tests.Unit.RouterTest" assertions="3" time="0.109902"/>
    <testcase name="testNonMatchingMethodReturnsNull" file="/var/www/html/tests/Unit/RouterTest.php" line="148" class="Tests\Unit\RouterTest" classname="Tests.Unit.RouterTest" assertions="1" time="0.006234"/>
    <testcase name="testCanCreatePostRoute" file="/var/www/html/tests/Unit/RouterTest.php" line="44" class="Tests\Unit\RouterTest" classname="Tests.Unit.RouterTest" assertions="4" time="0.000189"/>
    <testcase name="testCanCreatePutRoute" file="/var/www/html/tests/Unit/RouterTest.php" line="57" class="Tests\Unit\RouterTest" classname="Tests.Unit.RouterTest" assertions="4" time="0.000104"/>
    <testcase name="testCanMatchSimpleRoute" file="/var/www/html/tests/Unit/RouterTest.php" line="94" class="Tests\Unit\RouterTest" classname="Tests.Unit.RouterTest" assertions="3" time="0.008149"/>
    <testcase name="testNonMatchingRouteReturnsNull" file="/var/www/html/tests/Unit/RouterTest.php" line="136" class="Tests\Unit\RouterTest" classname="Tests.Unit.RouterTest" assertions="1" time="0.000329"/>
    <testcase name="testCanCreateGetRoute" file="/var/www/html/tests/Unit/RouterTest.php" line="31" class="Tests\Unit\RouterTest" classname="Tests.Unit.RouterTest" assertions="4" time="0.000121"/>
    <testcase name="testCanCreateDeleteRoute" file="/var/www/html/tests/Unit/RouterTest.php" line="70" class="Tests\Unit\RouterTest" classname="Tests.Unit.RouterTest" assertions="4" time="0.000099"/>
    <testcase name="testCanMatchRouteWithParameters" file="/var/www/html/tests/Unit/RouterTest.php" line="108" class="Tests\Unit\RouterTest" classname="Tests.Unit.RouterTest" assertions="3" time="0.000184"/>
    <testcase name="testCanAddMiddlewareToRoute" file="/var/www/html/tests/Unit/RouterTest.php" line="83" class="Tests\Unit\RouterTest" classname="Tests.Unit.RouterTest" assertions="1" time="0.014685"/>
  </testsuite>
</testsuites>
